<?xml version="1.0" encoding="UTF-8"?>
<!-- Generated by org.testng.reporters.JUnitReportReporter -->
<testsuite hostname="Dalia" failures="0" tests="1" name="luma.lumaTestCases" time="30.052" errors="0" timestamp="2023-12-18T18:30:00 EET" skipped="0">
  <testcase classname="luma.lumaTestCases" name="addingTheFirstItem" time="30.052"/>
  <system-out/>
</testsuite> <!-- luma.lumaTestCases -->
